<?xml version="1.0" encoding="utf-8"?>
<TestRun id="997ac2d8-4887-4468-8b91-0391960ba3e9" name="khurssid@CRKRL-KHURSSID1 2021-06-04 14:43:09" runUser="TL\khurssid" xmlns="http://microsoft.com/schemas/VisualStudio/TeamTest/2010">
  <Times creation="2021-06-04T14:43:09.8863352+05:00" queuing="2021-06-04T14:43:09.8863352+05:00" start="2021-06-04T14:43:08.6906702+05:00" finish="2021-06-04T14:43:09.8863352+05:00" />
  <TestSettings name="default" id="040f18db-2205-49ca-a553-8bbc580f24ab">
    <Deployment runDeploymentRoot="khurssid_CRKRL-KHURSSID1_2021-06-04_14_43_09" />
  </TestSettings>
  <TestLists>
    <TestList name="Results Not in a List" id="8c84fa94-04c1-424b-9868-57a2d4851a1d" />
    <TestList name="All Loaded Results" id="19431567-8539-422a-85d7-44ee4e166bda" />
  </TestLists>
  <ResultSummary outcome="Completed">
    <Counters total="0" executed="0" passed="0" failed="0" error="0" timeout="0" aborted="0" inconclusive="0" passedButRunAborted="0" notRunnable="0" notExecuted="0" disconnected="0" warning="0" completed="0" inProgress="0" pending="0" />
    <RunInfos>
      <RunInfo computerName="CRKRL-KHURSSID1" outcome="Warning" timestamp="2021-06-04T14:43:09.8225064+05:00">
        <Text>[MSTest][Discovery][C:\Users\khurssid\source\repos\Ios_Android_Project\Ios_Android_Project\bin\Debug\netcoreapp3.1\Ios_Android_Project.dll] Unable to load types from the test source 'C:\Users\khurssid\source\repos\Ios_Android_Project\Ios_Android_Project\bin\Debug\netcoreapp3.1\Ios_Android_Project.dll'. Some or all of the tests in this source may not be discovered.&#xD;
Error: System.IO.FileNotFoundException: Could not load file or assembly 'System.Runtime, Version=4.2.2.0, Culture=neutral, PublicKeyToken=b03f5f7f11d50a3a' or one of its dependencies. The system cannot find the file specified.&#xD;
</Text>
      </RunInfo>
      <RunInfo computerName="CRKRL-KHURSSID1" outcome="Warning" timestamp="2021-06-04T14:43:09.8444483+05:00">
        <Text>No test is available in C:\Users\khurssid\source\repos\Ios_Android_Project\Ios_Android_Project\bin\Debug\netcoreapp3.1\Ios_Android_Project.dll. Make sure that test discoverer &amp; executors are registered and platform &amp; framework version settings are appropriate and try again.</Text>
      </RunInfo>
    </RunInfos>
  </ResultSummary>
</TestRun>